#
# There is insufficient memory for the Java Runtime Environment to continue.
# Native memory allocation (malloc) failed to allocate 719616 bytes for Chunk::new
# Possible reasons:
#   The system is out of physical RAM or swap space
#   In 32 bit mode, the process size limit was hit
# Possible solutions:
#   Reduce memory load on the system
#   Increase physical memory or swap space
#   Check if swap backing store is full
#   Use 64 bit Java on a 64 bit OS
#   Decrease Java heap size (-Xmx/-Xms)
#   Decrease number of Java threads
#   Decrease Java thread stack sizes (-Xss)
#   Set larger code cache with -XX:ReservedCodeCacheSize=
# This output file may be truncated or incomplete.
#
#  Out of Memory Error (allocation.cpp:390), pid=28636, tid=0x0000000000003b88
#
# JRE version: OpenJDK Runtime Environment (8.0) (build 1.8.0-adoptopenjdk-_2018_05_19_00_59-b00)
# Java VM: OpenJDK 64-Bit Server VM (25.71-b00 mixed mode windows-amd64 compressed oops)
# Failed to write core dump. Minidumps are not enabled by default on client versions of Windows
#

---------------  T H R E A D  ---------------

Current thread (0x000000001e6ec800):  JavaThread "C2 CompilerThread1" daemon [_thread_in_native, id=15240, stack(0x000000001ef50000,0x000000001f050000)]

Stack: [0x000000001ef50000,0x000000001f050000]
[error occurred during error reporting (printing stack bounds), id 0xc0000005]

Native frames: (J=compiled Java code, j=interpreted, Vv=VM code, C=native code)


Current CompileTask:
C2:  33814 5579       4       org.apache.ivy.core.IvyPatternHelper::substituteVariables (213 bytes)


---------------  P R O C E S S  ---------------

Java Threads: ( => current thread )
  0x00000000262c4000 JavaThread "Build operations Thread 8" [_thread_blocked, id=34700, stack(0x0000000029720000,0x0000000029820000)]
  0x00000000262bb800 JavaThread "Build operations Thread 7" [_thread_blocked, id=34628, stack(0x0000000029620000,0x0000000029720000)]
  0x00000000262c1000 JavaThread "Build operations Thread 6" [_thread_blocked, id=12236, stack(0x0000000029520000,0x0000000029620000)]
  0x00000000262c0000 JavaThread "Build operations Thread 5" [_thread_blocked, id=30032, stack(0x0000000029420000,0x0000000029520000)]
  0x00000000262be000 JavaThread "Build operations Thread 4" [_thread_blocked, id=24372, stack(0x0000000029320000,0x0000000029420000)]
  0x00000000262c2800 JavaThread "Build operations Thread 3" [_thread_blocked, id=34612, stack(0x0000000029220000,0x0000000029320000)]
  0x00000000262bc800 JavaThread "Build operations Thread 2" [_thread_blocked, id=34224, stack(0x0000000029120000,0x0000000029220000)]
  0x00000000262bb000 JavaThread "Build operations" [_thread_in_native, id=30180, stack(0x0000000029020000,0x0000000029120000)]
  0x0000000020567000 JavaThread "Cache worker for execution history cache (C:\Users\parkk\.gradle\caches\6.1.1\executionHistory)" [_thread_blocked, id=30768, stack(0x0000000025720000,0x0000000025820000)]
  0x0000000020566000 JavaThread "Cache worker for cache directory md-rule (C:\Users\parkk\.gradle\caches\6.1.1\md-rule)" [_thread_blocked, id=34340, stack(0x0000000025370000,0x0000000025470000)]
  0x0000000020563000 JavaThread "Cache worker for cache directory md-supplier (C:\Users\parkk\.gradle\caches\6.1.1\md-supplier)" [_thread_blocked, id=34044, stack(0x0000000025270000,0x0000000025370000)]
  0x0000000020565800 JavaThread "Cache worker for file hash cache (C:\Users\parkk\MyAR_Project\Library\Bee\Android\Prj\Mono2x\Gradle\.gradle\6.1.1\fileHashes)" [_thread_blocked, id=25800, stack(0x0000000025500000,0x0000000025600000)]
  0x0000000020564000 JavaThread "Cache worker for checksums cache (C:\Users\parkk\MyAR_Project\Library\Bee\Android\Prj\Mono2x\Gradle\.gradle\checksums)" [_thread_blocked, id=19852, stack(0x0000000025620000,0x0000000025720000)]
  0x0000000020564800 JavaThread "Cache worker for file hash cache (C:\Users\parkk\.gradle\caches\6.1.1\fileHashes)" [_thread_blocked, id=33240, stack(0x0000000022fd0000,0x00000000230d0000)]
  0x0000000020562800 JavaThread "File lock request listener" [_thread_in_native, id=34804, stack(0x0000000022ed0000,0x0000000022fd0000)]
  0x0000000020561800 JavaThread "Cache worker for journal cache (C:\Users\parkk\.gradle\caches\journal-1)" [_thread_blocked, id=33088, stack(0x0000000022dd0000,0x0000000022ed0000)]
  0x000000001e78f800 JavaThread "Thread-9" [_thread_blocked, id=29228, stack(0x0000000022ad0000,0x0000000022bd0000)]
  0x000000001e78a000 JavaThread "Stdin handler" [_thread_blocked, id=34136, stack(0x00000000229d0000,0x0000000022ad0000)]
  0x000000001e77f800 JavaThread "Asynchronous log dispatcher for DefaultDaemonConnection: socket connection from /127.0.0.1:9873 to /127.0.0.1:9874" [_thread_blocked, id=33836, stack(0x00000000228d0000,0x00000000229d0000)]
  0x000000001e77c800 JavaThread "Daemon worker" [_thread_in_native, id=33840, stack(0x00000000226d0000,0x00000000227d0000)]
  0x000000001e77b800 JavaThread "Cancel handler" [_thread_blocked, id=33832, stack(0x00000000225d0000,0x00000000226d0000)]
  0x000000001fc86000 JavaThread "Handler for socket connection from /127.0.0.1:9873 to /127.0.0.1:9874" [_thread_in_native, id=6212, stack(0x00000000222d0000,0x00000000223d0000)]
  0x000000001fc7b800 JavaThread "Daemon" [_thread_blocked, id=33572, stack(0x00000000221d0000,0x00000000222d0000)]
  0x000000001e825000 JavaThread "Daemon periodic checks" [_thread_blocked, id=33612, stack(0x00000000220d0000,0x00000000221d0000)]
  0x000000001fc87800 JavaThread "Incoming local TCP Connector on port 9873" [_thread_in_native, id=29412, stack(0x0000000021ef0000,0x0000000021ff0000)]
  0x0000000020c04800 JavaThread "Daemon health stats" [_thread_blocked, id=30864, stack(0x0000000021bf0000,0x0000000021cf0000)]
  0x000000001e7c6800 JavaThread "Service Thread" daemon [_thread_blocked, id=28524, stack(0x000000001f250000,0x000000001f350000)]
  0x000000001e750800 JavaThread "C1 CompilerThread3" daemon [_thread_blocked, id=16560, stack(0x000000001f150000,0x000000001f250000)]
  0x000000001e746000 JavaThread "C2 CompilerThread2" daemon [_thread_blocked, id=33728, stack(0x000000001f050000,0x000000001f150000)]
=>0x000000001e6ec800 JavaThread "C2 CompilerThread1" daemon [_thread_in_native, id=15240, stack(0x000000001ef50000,0x000000001f050000)]
  0x000000001e6ea800 JavaThread "C2 CompilerThread0" daemon [_thread_blocked, id=33864, stack(0x000000001ee50000,0x000000001ef50000)]
  0x000000001e740800 JavaThread "Attach Listener" daemon [_thread_blocked, id=33092, stack(0x000000001ed50000,0x000000001ee50000)]
  0x000000001e6d6800 JavaThread "Signal Dispatcher" daemon [_thread_blocked, id=8612, stack(0x000000001ec50000,0x000000001ed50000)]
  0x000000001e6d0800 JavaThread "Finalizer" daemon [_thread_blocked, id=15436, stack(0x000000001eab0000,0x000000001ebb0000)]
  0x000000001c7cb000 JavaThread "Reference Handler" daemon [_thread_blocked, id=34484, stack(0x000000001e5b0000,0x000000001e6b0000)]
  0x0000000002bb2800 JavaThread "main" [_thread_blocked, id=19624, stack(0x00000000026e0000,0x00000000027e0000)]

Other Threads:
  0x000000001c7c5800 VMThread [stack: 0x000000001e4b0000,0x000000001e5b0000] [id=34604]
  0x000000001e7c7800 WatcherThread [stack: 0x000000001f350000,0x000000001f450000] [id=26740]

VM state:not at safepoint (normal execution)

VM Mutex/Monitor currently owned by a thread: None

Heap:
 PSYoungGen      total 105472K, used 91238K [0x000000076ab00000, 0x0000000773880000, 0x00000007c0000000)
  eden space 93696K, 87% used [0x000000076ab00000,0x000000076faed470,0x0000000770680000)
  from space 11776K, 79% used [0x0000000770680000,0x0000000770fac770,0x0000000771200000)
  to   space 12288K, 0% used [0x0000000772c80000,0x0000000772c80000,0x0000000773880000)
 ParOldGen       total 73728K, used 14896K [0x00000006c0000000, 0x00000006c4800000, 0x000000076ab00000)
  object space 73728K, 20% used [0x00000006c0000000,0x00000006c0e8c060,0x00000006c4800000)
 Metaspace       used 44396K, capacity 45350K, committed 45696K, reserved 1089536K
  class space    used 5720K, capacity 5988K, committed 6016K, reserved 1048576K

Card table byte_map: [0x0000000012070000,0x0000000012880000] byte_map_base: 0x000000000ea70000

Marking Bits: (ParMarkBitMap*) 0x00000000626dbe50
 Begin Bits: [0x00000000135e0000, 0x00000000175e0000)
 End Bits:   [0x00000000175e0000, 0x000000001b5e0000)

Polling page: 0x0000000000f00000

CodeCache: size=245760Kb used=17951Kb max_used=17965Kb free=227808Kb
 bounds [0x0000000002cb0000, 0x0000000003e60000, 0x0000000011cb0000]
 total_blobs=5842 nmethods=5060 adapters=693
 compilation: enabled

Compilation events (10 events):
Event: 33.775 Thread 0x000000001e750800 nmethod 5631 0x0000000003e49410 code [0x0000000003e495a0, 0x0000000003e49938]
Event: 33.787 Thread 0x000000001e750800 5632       3       org.gradle.api.internal.artifacts.ivyservice.ivyresolve.parser.PomReader::getVersion (30 bytes)
Event: 33.787 Thread 0x000000001e746000 5633       4       java.util.regex.Pattern::RemoveQEQuoting (346 bytes)
Event: 33.789 Thread 0x000000001e750800 nmethod 5632 0x0000000003e49a90 code [0x0000000003e49ca0, 0x0000000003e4a588]
Event: 33.802 Thread 0x000000001e750800 5634       3       org.gradle.internal.snapshot.impl.StringValueSnapshot::getValue (5 bytes)
Event: 33.802 Thread 0x000000001e6ea800 5636       4       com.esotericsoftware.kryo.io.Output::writeVarInt (433 bytes)
Event: 33.803 Thread 0x000000001e750800 nmethod 5634 0x0000000003e42e90 code [0x0000000003e42fe0, 0x0000000003e43150]
Event: 33.803 Thread 0x000000001e750800 5635       1       org.gradle.api.internal.attributes.DefaultImmutableAttributes::asImmutable (2 bytes)
Event: 33.803 Thread 0x000000001e750800 nmethod 5635 0x0000000003e4aad0 code [0x0000000003e4ac20, 0x0000000003e4ad30]
Event: 33.807 Thread 0x000000001e6ea800 nmethod 5636 0x0000000003e4dbd0 code [0x0000000003e4dd20, 0x0000000003e4df58]

GC Heap History (10 events):
Event: 18.879 GC heap before
{Heap before GC invocations=9 (full 1):
 PSYoungGen      total 43008K, used 32256K [0x000000076ab00000, 0x000000076ff00000, 0x00000007c0000000)
  eden space 32256K, 100% used [0x000000076ab00000,0x000000076ca80000,0x000000076ca80000)
  from space 10752K, 0% used [0x000000076ca80000,0x000000076ca80000,0x000000076d500000)
  to   space 10752K, 0% used [0x000000076f480000,0x000000076f480000,0x000000076ff00000)
 ParOldGen       total 48640K, used 7080K [0x00000006c0000000, 0x00000006c2f80000, 0x000000076ab00000)
  object space 48640K, 14% used [0x00000006c0000000,0x00000006c06ea070,0x00000006c2f80000)
 Metaspace       used 24026K, capacity 24606K, committed 24832K, reserved 1071104K
  class space    used 3368K, capacity 3563K, committed 3584K, reserved 1048576K
Event: 18.913 GC heap after
Heap after GC invocations=9 (full 1):
 PSYoungGen      total 69120K, used 4056K [0x000000076ab00000, 0x000000076fc00000, 0x00000007c0000000)
  eden space 61440K, 0% used [0x000000076ab00000,0x000000076ab00000,0x000000076e700000)
  from space 7680K, 52% used [0x000000076f480000,0x000000076f8760a8,0x000000076fc00000)
  to   space 10752K, 0% used [0x000000076e700000,0x000000076e700000,0x000000076f180000)
 ParOldGen       total 48640K, used 7088K [0x00000006c0000000, 0x00000006c2f80000, 0x000000076ab00000)
  object space 48640K, 14% used [0x00000006c0000000,0x00000006c06ec070,0x00000006c2f80000)
 Metaspace       used 24026K, capacity 24606K, committed 24832K, reserved 1071104K
  class space    used 3368K, capacity 3563K, committed 3584K, reserved 1048576K
}
Event: 21.585 GC heap before
{Heap before GC invocations=10 (full 1):
 PSYoungGen      total 69120K, used 65496K [0x000000076ab00000, 0x000000076fc00000, 0x00000007c0000000)
  eden space 61440K, 100% used [0x000000076ab00000,0x000000076e700000,0x000000076e700000)
  from space 7680K, 52% used [0x000000076f480000,0x000000076f8760a8,0x000000076fc00000)
  to   space 10752K, 0% used [0x000000076e700000,0x000000076e700000,0x000000076f180000)
 ParOldGen       total 48640K, used 7088K [0x00000006c0000000, 0x00000006c2f80000, 0x000000076ab00000)
  object space 48640K, 14% used [0x00000006c0000000,0x00000006c06ec070,0x00000006c2f80000)
 Metaspace       used 32761K, capacity 33378K, committed 33792K, reserved 1079296K
  class space    used 4338K, capacity 4537K, committed 4608K, reserved 1048576K
Event: 21.619 GC heap after
Heap after GC invocations=10 (full 1):
 PSYoungGen      total 72192K, used 10274K [0x000000076ab00000, 0x0000000771f00000, 0x00000007c0000000)
  eden space 61440K, 0% used [0x000000076ab00000,0x000000076ab00000,0x000000076e700000)
  from space 10752K, 95% used [0x000000076e700000,0x000000076f1089d8,0x000000076f180000)
  to   space 12288K, 0% used [0x0000000771300000,0x0000000771300000,0x0000000771f00000)
 ParOldGen       total 48640K, used 7096K [0x00000006c0000000, 0x00000006c2f80000, 0x000000076ab00000)
  object space 48640K, 14% used [0x00000006c0000000,0x00000006c06ee070,0x00000006c2f80000)
 Metaspace       used 32761K, capacity 33378K, committed 33792K, reserved 1079296K
  class space    used 4338K, capacity 4537K, committed 4608K, reserved 1048576K
}
Event: 22.935 GC heap before
{Heap before GC invocations=11 (full 1):
 PSYoungGen      total 72192K, used 52813K [0x000000076ab00000, 0x0000000771f00000, 0x00000007c0000000)
  eden space 61440K, 69% used [0x000000076ab00000,0x000000076d48ab90,0x000000076e700000)
  from space 10752K, 95% used [0x000000076e700000,0x000000076f1089d8,0x000000076f180000)
  to   space 12288K, 0% used [0x0000000771300000,0x0000000771300000,0x0000000771f00000)
 ParOldGen       total 48640K, used 7096K [0x00000006c0000000, 0x00000006c2f80000, 0x000000076ab00000)
  object space 48640K, 14% used [0x00000006c0000000,0x00000006c06ee070,0x00000006c2f80000)
 Metaspace       used 34419K, capacity 35212K, committed 35416K, reserved 1079296K
  class space    used 4586K, capacity 4844K, committed 4864K, reserved 1048576K
Event: 22.950 GC heap after
Heap after GC invocations=11 (full 1):
 PSYoungGen      total 104448K, used 7072K [0x000000076ab00000, 0x0000000771d80000, 0x00000007c0000000)
  eden space 93696K, 0% used [0x000000076ab00000,0x000000076ab00000,0x0000000770680000)
  from space 10752K, 65% used [0x0000000771300000,0x00000007719e8218,0x0000000771d80000)
  to   space 11776K, 0% used [0x0000000770680000,0x0000000770680000,0x0000000771200000)
 ParOldGen       total 48640K, used 8455K [0x00000006c0000000, 0x00000006c2f80000, 0x000000076ab00000)
  object space 48640K, 17% used [0x00000006c0000000,0x00000006c0841da0,0x00000006c2f80000)
 Metaspace       used 34419K, capacity 35212K, committed 35416K, reserved 1079296K
  class space    used 4586K, capacity 4844K, committed 4864K, reserved 1048576K
}
Event: 22.950 GC heap before
{Heap before GC invocations=12 (full 2):
 PSYoungGen      total 104448K, used 7072K [0x000000076ab00000, 0x0000000771d80000, 0x00000007c0000000)
  eden space 93696K, 0% used [0x000000076ab00000,0x000000076ab00000,0x0000000770680000)
  from space 10752K, 65% used [0x0000000771300000,0x00000007719e8218,0x0000000771d80000)
  to   space 11776K, 0% used [0x0000000770680000,0x0000000770680000,0x0000000771200000)
 ParOldGen       total 48640K, used 8455K [0x00000006c0000000, 0x00000006c2f80000, 0x000000076ab00000)
  object space 48640K, 17% used [0x00000006c0000000,0x00000006c0841da0,0x00000006c2f80000)
 Metaspace       used 34419K, capacity 35212K, committed 35416K, reserved 1079296K
  class space    used 4586K, capacity 4844K, committed 4864K, reserved 1048576K
Event: 23.160 GC heap after
Heap after GC invocations=12 (full 2):
 PSYoungGen      total 104448K, used 0K [0x000000076ab00000, 0x0000000771d80000, 0x00000007c0000000)
  eden space 93696K, 0% used [0x000000076ab00000,0x000000076ab00000,0x0000000770680000)
  from space 10752K, 0% used [0x0000000771300000,0x0000000771300000,0x0000000771d80000)
  to   space 11776K, 0% used [0x0000000770680000,0x0000000770680000,0x0000000771200000)
 ParOldGen       total 73728K, used 14888K [0x00000006c0000000, 0x00000006c4800000, 0x000000076ab00000)
  object space 73728K, 20% used [0x00000006c0000000,0x00000006c0e8a060,0x00000006c4800000)
 Metaspace       used 34385K, capacity 35086K, committed 35416K, reserved 1079296K
  class space    used 4575K, capacity 4802K, committed 4864K, reserved 1048576K
}
Event: 26.651 GC heap before
{Heap before GC invocations=13 (full 2):
 PSYoungGen      total 104448K, used 93696K [0x000000076ab00000, 0x0000000771d80000, 0x00000007c0000000)
  eden space 93696K, 100% used [0x000000076ab00000,0x0000000770680000,0x0000000770680000)
  from space 10752K, 0% used [0x0000000771300000,0x0000000771300000,0x0000000771d80000)
  to   space 11776K, 0% used [0x0000000770680000,0x0000000770680000,0x0000000771200000)
 ParOldGen       total 73728K, used 14888K [0x00000006c0000000, 0x00000006c4800000, 0x000000076ab00000)
  object space 73728K, 20% used [0x00000006c0000000,0x00000006c0e8a060,0x00000006c4800000)
 Metaspace       used 41121K, capacity 41984K, committed 42368K, reserved 1085440K
  class space    used 5461K, capacity 5743K, committed 5760K, reserved 1048576K
Event: 26.664 GC heap after
Heap after GC invocations=13 (full 2):
 PSYoungGen      total 105472K, used 9393K [0x000000076ab00000, 0x0000000773880000, 0x00000007c0000000)
  eden space 93696K, 0% used [0x000000076ab00000,0x000000076ab00000,0x0000000770680000)
  from space 11776K, 79% used [0x0000000770680000,0x0000000770fac770,0x0000000771200000)
  to   space 12288K, 0% used [0x0000000772c80000,0x0000000772c80000,0x0000000773880000)
 ParOldGen       total 73728K, used 14896K [0x00000006c0000000, 0x00000006c4800000, 0x000000076ab00000)
  object space 73728K, 20% used [0x00000006c0000000,0x00000006c0e8c060,0x00000006c4800000)
 Metaspace       used 41121K, capacity 41984K, committed 42368K, reserved 1085440K
  class space    used 5461K, capacity 5743K, committed 5760K, reserved 1048576K
}

Deoptimization events (10 events):
Event: 32.400 Thread 0x00000000262bc800 Uncommon trap: reason=unstable_if action=reinterpret pc=0x0000000003cdb46c method=com.sun.org.apache.xerces.internal.impl.XMLEntityScanner.peekChar()I @ 51
Event: 32.400 Thread 0x00000000262bc800 Uncommon trap: reason=unstable_if action=reinterpret pc=0x0000000003c1d170 method=com.sun.org.apache.xerces.internal.impl.XMLEntityScanner.scanContent(Lcom/sun/org/apache/xerces/internal/xni/XMLString;)I @ 127
Event: 32.400 Thread 0x00000000262bc800 Uncommon trap: reason=unstable_if action=reinterpret pc=0x0000000003a30d78 method=com.sun.org.apache.xerces.internal.impl.XMLEntityScanner.peekChar()I @ 51
Event: 32.403 Thread 0x00000000262bc800 Uncommon trap: reason=unstable_if action=reinterpret pc=0x0000000003cc87a0 method=com.sun.org.apache.xerces.internal.dom.DeferredDocumentImpl.getPrevSibling(IZ)I @ 86
Event: 32.403 Thread 0x00000000262bc800 Uncommon trap: reason=unstable_if action=reinterpret pc=0x0000000003a9b3bc method=com.sun.org.apache.xerces.internal.dom.DeferredDocumentImpl.getPrevSibling(IZ)I @ 86
Event: 32.412 Thread 0x00000000262c4000 Uncommon trap: reason=unstable_if action=reinterpret pc=0x0000000003b52460 method=java.io.BufferedInputStream.read1([BII)I @ 29
Event: 32.477 Thread 0x00000000262bb800 Uncommon trap: reason=unstable_if action=reinterpret pc=0x0000000003afc0f4 method=java.io.BufferedInputStream.read1([BII)I @ 29
Event: 32.707 Thread 0x00000000262bc800 Uncommon trap: reason=class_check action=maybe_recompile pc=0x0000000002fac3dc method=java.nio.charset.CharsetDecoder.reset()Ljava/nio/charset/CharsetDecoder; @ 1
Event: 33.076 Thread 0x00000000262bc800 Uncommon trap: reason=unstable_if action=reinterpret pc=0x000000000305552c method=java.io.BufferedReader.readLine(Z)Ljava/lang/String; @ 160
Event: 33.089 Thread 0x00000000262bc800 Uncommon trap: reason=class_check action=maybe_recompile pc=0x0000000002fac3dc method=java.nio.charset.CharsetDecoder.reset()Ljava/nio/charset/CharsetDecoder; @ 1

Classes redefined (0 events):
No events

Internal exceptions (10 events):
Event: 24.525 Thread 0x000000001e77c800 Exception <a 'java/lang/NoSuchMethodError': java.lang.Object.lambda$comparing$ea9a8b3a$1(Ljava/util/Comparator;Ljava/util/function/Function;Ljava/lang/Object;Ljava/lang/Object;)I> (0x000000076d7234a8) thrown at [C:\Users\jenkins\workspace\openjdk8_build_x
Event: 24.726 Thread 0x000000001e77c800 Implicit null exception at 0x00000000036f9361 to 0x00000000036f98f5
Event: 26.413 Thread 0x000000001e77c800 Implicit null exception at 0x00000000038dd458 to 0x00000000038dd59d
Event: 27.134 Thread 0x000000001e77c800 Implicit null exception at 0x0000000002f204d6 to 0x0000000002f20879
Event: 32.096 Thread 0x00000000262c0000 Exception <a 'java/net/SocketTimeoutException': Read timed out> (0x000000076d7668f8) thrown at [C:\Users\jenkins\workspace\openjdk8_build_x86-64_windows\openjdk\hotspot\src\share\vm\prims\jni.cpp, line 735]
Event: 32.096 Thread 0x00000000262be000 Exception <a 'java/net/SocketTimeoutException': Read timed out> (0x000000076e781ab8) thrown at [C:\Users\jenkins\workspace\openjdk8_build_x86-64_windows\openjdk\hotspot\src\share\vm\prims\jni.cpp, line 735]
Event: 32.096 Thread 0x00000000262c4000 Exception <a 'java/net/SocketTimeoutException': Read timed out> (0x000000076d96c840) thrown at [C:\Users\jenkins\workspace\openjdk8_build_x86-64_windows\openjdk\hotspot\src\share\vm\prims\jni.cpp, line 735]
Event: 32.096 Thread 0x000000001e77c800 Exception <a 'java/net/SocketTimeoutException': Read timed out> (0x000000076db52918) thrown at [C:\Users\jenkins\workspace\openjdk8_build_x86-64_windows\openjdk\hotspot\src\share\vm\prims\jni.cpp, line 735]
Event: 32.187 Thread 0x00000000262c4000 Exception <a 'java/net/SocketTimeoutException': Read timed out> (0x000000076d97cc90) thrown at [C:\Users\jenkins\workspace\openjdk8_build_x86-64_windows\openjdk\hotspot\src\share\vm\prims\jni.cpp, line 735]
Event: 32.203 Thread 0x00000000262c0000 Exception <a 'java/net/SocketTimeoutException': Read timed out> (0x000000076d775b78) thrown at [C:\Users\jenkins\workspace\openjdk8_build_x86-64_windows\openjdk\hotspot\src\share\vm\prims\jni.cpp, line 735]

Events (10 events):
Event: 33.077 Thread 0x00000000262bc800 DEOPT UNPACKING pc=0x0000000002cf557b sp=0x000000002921cf78 mode 2
Event: 33.089 Thread 0x00000000262bc800 Uncommon trap: trap_request=0xffffffde fr.pc=0x0000000002fac3dc
Event: 33.089 Thread 0x00000000262bc800 DEOPT PACKING pc=0x0000000002fac3dc sp=0x000000002921cc00
Event: 33.089 Thread 0x00000000262bc800 DEOPT UNPACKING pc=0x0000000002cf557b sp=0x000000002921cba8 mode 2
Event: 33.274 Thread 0x00000000262be000 DEOPT PACKING pc=0x0000000003a1f8dd sp=0x00000000294180a0
Event: 33.274 Thread 0x00000000262be000 DEOPT UNPACKING pc=0x0000000002cf75d0 sp=0x0000000029417fe8 mode 0
Event: 33.274 Thread 0x00000000262be000 DEOPT PACKING pc=0x0000000003d5fd43 sp=0x00000000294183a0
Event: 33.274 Thread 0x00000000262be000 DEOPT UNPACKING pc=0x0000000002cf75d0 sp=0x0000000029418108 mode 0
Event: 33.495 loading class org/gradle/api/internal/artifacts/ivyservice/ivyresolve/parser/GradlePomModuleDescriptorBuilder$JarDependencyType
Event: 33.495 loading class org/gradle/api/internal/artifacts/ivyservice/ivyresolve/parser/GradlePomModuleDescriptorBuilder$JarDependencyType done


Dynamic libraries:
0x00007ff792b30000 - 0x00007ff792b65000 	C:\Program Files\Unity\Hub\Editor\2021.3.4f1\Editor\Data\PlaybackEngines\AndroidPlayer\OpenJDK\bin\java.exe
0x00007ffade140000 - 0x00007ffade349000 	C:\WINDOWS\SYSTEM32\ntdll.dll
0x00007ffadd820000 - 0x00007ffadd8dd000 	C:\WINDOWS\System32\KERNEL32.DLL
0x00007ffadb9d0000 - 0x00007ffadbd49000 	C:\WINDOWS\System32\KERNELBASE.dll
0x00007ffadc7b0000 - 0x00007ffadc85e000 	C:\WINDOWS\System32\ADVAPI32.dll
0x00007ffadd8e0000 - 0x00007ffadd983000 	C:\WINDOWS\System32\msvcrt.dll
0x00007ffadd990000 - 0x00007ffadda2e000 	C:\WINDOWS\System32\sechost.dll
0x00007ffaddaf0000 - 0x00007ffaddc10000 	C:\WINDOWS\System32\RPCRT4.dll
0x00007ffaddc90000 - 0x00007ffadde3c000 	C:\WINDOWS\System32\USER32.dll
0x00007ffadb880000 - 0x00007ffadb8a6000 	C:\WINDOWS\System32\win32u.dll
0x00007ffaddfc0000 - 0x00007ffaddfe9000 	C:\WINDOWS\System32\GDI32.dll
0x00007ffadb6a0000 - 0x00007ffadb7b2000 	C:\WINDOWS\System32\gdi32full.dll
0x00007ffadbd50000 - 0x00007ffadbded000 	C:\WINDOWS\System32\msvcp_win.dll
0x00007ffadb8b0000 - 0x00007ffadb9c1000 	C:\WINDOWS\System32\ucrtbase.dll
0x00007ffacb0e0000 - 0x00007ffacb385000 	C:\WINDOWS\WinSxS\amd64_microsoft.windows.common-controls_6595b64144ccf1df_6.0.22000.120_none_9d947278b86cc467\COMCTL32.dll
0x00007ffaddab0000 - 0x00007ffaddae1000 	C:\WINDOWS\System32\IMM32.DLL
0x0000000062760000 - 0x0000000062832000 	C:\Program Files\Unity\Hub\Editor\2021.3.4f1\Editor\Data\PlaybackEngines\AndroidPlayer\OpenJDK\jre\bin\msvcr100.dll
0x0000000061f10000 - 0x0000000062759000 	C:\Program Files\Unity\Hub\Editor\2021.3.4f1\Editor\Data\PlaybackEngines\AndroidPlayer\OpenJDK\jre\bin\server\jvm.dll
0x00007ffadcce0000 - 0x00007ffadcce8000 	C:\WINDOWS\System32\PSAPI.DLL
0x00007ffad2dd0000 - 0x00007ffad2e03000 	C:\WINDOWS\SYSTEM32\WINMM.dll
0x00007ffad2b00000 - 0x00007ffad2b09000 	C:\WINDOWS\SYSTEM32\WSOCK32.dll
0x00007ffadd750000 - 0x00007ffadd7bf000 	C:\WINDOWS\System32\WS2_32.dll
0x00007ffad3000000 - 0x00007ffad300a000 	C:\WINDOWS\SYSTEM32\VERSION.dll
0x00007ffad36b0000 - 0x00007ffad36bf000 	C:\Program Files\Unity\Hub\Editor\2021.3.4f1\Editor\Data\PlaybackEngines\AndroidPlayer\OpenJDK\jre\bin\verify.dll
0x00007ffacf530000 - 0x00007ffacf559000 	C:\Program Files\Unity\Hub\Editor\2021.3.4f1\Editor\Data\PlaybackEngines\AndroidPlayer\OpenJDK\jre\bin\java.dll
0x00007ffad3690000 - 0x00007ffad36a6000 	C:\Program Files\Unity\Hub\Editor\2021.3.4f1\Editor\Data\PlaybackEngines\AndroidPlayer\OpenJDK\jre\bin\zip.dll
0x00007ffadbfd0000 - 0x00007ffadc788000 	C:\WINDOWS\System32\SHELL32.dll
0x00007ffad9750000 - 0x00007ffad9fb7000 	C:\WINDOWS\SYSTEM32\windows.storage.dll
0x00007ffadd050000 - 0x00007ffadd3c9000 	C:\WINDOWS\System32\combase.dll
0x00007ffad95e0000 - 0x00007ffad9746000 	C:\WINDOWS\SYSTEM32\wintypes.dll
0x00007ffadde40000 - 0x00007ffaddf2a000 	C:\WINDOWS\System32\SHCORE.dll
0x00007ffadd570000 - 0x00007ffadd5cd000 	C:\WINDOWS\System32\shlwapi.dll
0x00007ffadb550000 - 0x00007ffadb571000 	C:\WINDOWS\SYSTEM32\profapi.dll
0x00007ffad2e70000 - 0x00007ffad2e8a000 	C:\Program Files\Unity\Hub\Editor\2021.3.4f1\Editor\Data\PlaybackEngines\AndroidPlayer\OpenJDK\jre\bin\net.dll
0x00007ffadac40000 - 0x00007ffadaca7000 	C:\WINDOWS\system32\mswsock.dll
0x00007ffacf510000 - 0x00007ffacf521000 	C:\Program Files\Unity\Hub\Editor\2021.3.4f1\Editor\Data\PlaybackEngines\AndroidPlayer\OpenJDK\jre\bin\nio.dll
0x00007ffacf4e0000 - 0x00007ffacf506000 	C:\Users\parkk\.gradle\native\31\windows-amd64\native-platform.dll
0x00007ffacf480000 - 0x00007ffacf48d000 	C:\Program Files\Unity\Hub\Editor\2021.3.4f1\Editor\Data\PlaybackEngines\AndroidPlayer\OpenJDK\jre\bin\management.dll
0x00007ffadae90000 - 0x00007ffadaea8000 	C:\WINDOWS\SYSTEM32\CRYPTSP.dll
0x00007ffada640000 - 0x00007ffada675000 	C:\WINDOWS\system32\rsaenh.dll
0x00007ffadad30000 - 0x00007ffadad59000 	C:\WINDOWS\SYSTEM32\USERENV.dll
0x00007ffadb000000 - 0x00007ffadb027000 	C:\WINDOWS\SYSTEM32\bcrypt.dll
0x00007ffadb620000 - 0x00007ffadb69f000 	C:\WINDOWS\System32\bcryptprimitives.dll
0x00007ffadae80000 - 0x00007ffadae8c000 	C:\WINDOWS\SYSTEM32\CRYPTBASE.dll
0x00007ffada210000 - 0x00007ffada23d000 	C:\WINDOWS\SYSTEM32\IPHLPAPI.DLL
0x00007ffadce80000 - 0x00007ffadce89000 	C:\WINDOWS\System32\NSI.dll
0x00007ffad28a0000 - 0x00007ffad28b9000 	C:\WINDOWS\SYSTEM32\dhcpcsvc6.DLL
0x00007ffad3190000 - 0x00007ffad31ae000 	C:\WINDOWS\SYSTEM32\dhcpcsvc.DLL
0x00007ffada280000 - 0x00007ffada368000 	C:\WINDOWS\SYSTEM32\DNSAPI.dll
0x00007ffab4b30000 - 0x00007ffab4b54000 	C:\Program Files\Unity\Hub\Editor\2021.3.4f1\Editor\Data\PlaybackEngines\AndroidPlayer\OpenJDK\jre\bin\sunec.dll
0x00007fface7f0000 - 0x00007fface7fa000 	C:\Windows\System32\rasadhlp.dll
0x00007ffad0f10000 - 0x00007ffad0f91000 	C:\WINDOWS\System32\fwpuclnt.dll
0x00007ffaccd10000 - 0x00007ffaccd1b000 	C:\Program Files\Unity\Hub\Editor\2021.3.4f1\Editor\Data\PlaybackEngines\AndroidPlayer\OpenJDK\jre\bin\sunmscapi.dll
0x00007ffadbdf0000 - 0x00007ffadbf52000 	C:\WINDOWS\System32\CRYPT32.dll

VM Arguments:
jvm_args: -Dfile.encoding=UTF-8 -Xmx4096m -Dfile.encoding=UTF-8 -Duser.country=KR -Duser.language=ko -Duser.variant 
java_command: org.gradle.launcher.daemon.bootstrap.GradleDaemon 6.1.1
java_class_path (initial): C:\Program Files\Unity\Hub\Editor\2021.3.4f1\Editor\Data\PlaybackEngines\AndroidPlayer\Tools\gradle\lib\gradle-launcher-6.1.1.jar
Launcher Type: SUN_STANDARD

Environment Variables:
JAVA_HOME=C:\Program Files\Unity\Hub\Editor\2021.3.4f1\Editor\Data\PlaybackEngines\AndroidPlayer\OpenJDK
JAVA_TOOL_OPTIONS=-Dfile.encoding=UTF-8
PATH=C:\msys64\usr\bin;C:\Program Files\Common Files\Oracle\Java\javapath;C:\Program Files\Amazon Corretto\jdk11.0.12_7\bin;C:\WINDOWS\system32;C:\WINDOWS;C:\WINDOWS\System32\Wbem;C:\WINDOWS\System32\WindowsPowerShell\v1.0\;C:\WINDOWS\System32\OpenSSH\;%MINGW_HOME%\bin;%MINGW_HOME%\msys\1.0\bin;C:\Program Files\PuTTY\;C:\Program Files\dotnet\;C:\Users\parkk\Anaconda3\Scripts;C:\msys64\mingw64\x86_64-w64-mingw32\bin;C:\Users\parkk\AppData\Local\Programs\Python\Python39\Scripts\;C:\Users\parkk\AppData\Local\Programs\Python\Python39\;C:\Users\parkk\AppData\Local\Programs\Python\Python37-32\Scripts\;C:\Users\parkk\AppData\Local\Programs\Python\Python37-32\;C:\Users\parkk\AppData\Local\Microsoft\WindowsApps;C:\Users\parkk\AppData\Local\Programs\Microsoft VS Code\bin;C:\Users\parkk\AppData\Roaming\npm;C:\Users\parkk\AppData\Local\GitHubDesktop\bin;C:\Users\parkk\.dotnet\tools;C:\Program Files\JetBrains\PyCharm Community Edition 2022.1.3\bin;
USERNAME=parkk
OS=Windows_NT
PROCESSOR_IDENTIFIER=Intel64 Family 6 Model 142 Stepping 10, GenuineIntel



---------------  S Y S T E M  ---------------

OS: Windows 10.0 , 64 bit Build 22000 (10.0.22000.708)

CPU:total 8 (initial active 8) (4 cores per cpu, 2 threads per core) family 6 model 142 stepping 10, cmov, cx8, fxsr, mmx, sse, sse2, sse3, ssse3, sse4.1, sse4.2, popcnt, avx, avx2, aes, clmul, erms, 3dnowpref, lzcnt, ht, tsc, tscinvbit, bmi1, bmi2, adx

Memory: 4k page, physical 8301172k(462408k free), swap 22308140k(400k free)

vm_info: OpenJDK 64-Bit Server VM (25.71-b00) for windows-amd64 JRE (1.8.0-adoptopenjdk-_2018_05_19_00_59-b00), built on May 19 2018 01:02:12 by "jenkins" with MS VC++ 10.0 (VS2010)

time: Tue Jul 05 14:45:59 2022
elapsed time: 33 seconds (0d 0h 0m 33s)

