Using pre-set license
Built from '2021.3/staging' branch; Version is '2021.3.6f1 (7da38d85baf6) revision 8233869'; Using compiler version '192829333'; Build Type 'Release'
OS: 'Windows 11  (10.0.22000) 64bit Core' Language: 'ko' Physical Memory: 8106 MB
BatchMode: 1, IsHumanControllingUs: 0, StartBugReporterOnCrash: 0, Is64bit: 1, IsPro: 1

COMMAND LINE ARGUMENTS:
C:\Program Files\Unity\Hub\Editor\2021.3.6f1\Editor\Unity.exe
-adb2
-batchMode
-noUpm
-name
AssetImportWorker4
-projectPath
C:/Github/TEAM_Armigox/ARMigoo
-logFile
Logs/AssetImportWorker4.log
-srvPort
2652
Successfully changed project path to: C:/Github/TEAM_Armigox/ARMigoo
C:/Github/TEAM_Armigox/ARMigoo
[UnityMemory] Configuration Parameters - Can be set up in boot.config
    "memorysetup-bucket-allocator-granularity=16"
    "memorysetup-bucket-allocator-bucket-count=8"
    "memorysetup-bucket-allocator-block-size=33554432"
    "memorysetup-bucket-allocator-block-count=8"
    "memorysetup-main-allocator-block-size=16777216"
    "memorysetup-thread-allocator-block-size=16777216"
    "memorysetup-gfx-main-allocator-block-size=16777216"
    "memorysetup-gfx-thread-allocator-block-size=16777216"
    "memorysetup-cache-allocator-block-size=4194304"
    "memorysetup-typetree-allocator-block-size=2097152"
    "memorysetup-profiler-bucket-allocator-granularity=16"
    "memorysetup-profiler-bucket-allocator-bucket-count=8"
    "memorysetup-profiler-bucket-allocator-block-size=33554432"
    "memorysetup-profiler-bucket-allocator-block-count=8"
    "memorysetup-profiler-allocator-block-size=16777216"
    "memorysetup-profiler-editor-allocator-block-size=1048576"
    "memorysetup-temp-allocator-size-main=16777216"
    "memorysetup-job-temp-allocator-block-size=2097152"
    "memorysetup-job-temp-allocator-block-size-background=1048576"
    "memorysetup-job-temp-allocator-reduction-small-platforms=262144"
    "memorysetup-temp-allocator-size-background-worker=32768"
    "memorysetup-temp-allocator-size-job-worker=262144"
    "memorysetup-temp-allocator-size-preload-manager=33554432"
    "memorysetup-temp-allocator-size-nav-mesh-worker=65536"
    "memorysetup-temp-allocator-size-audio-worker=65536"
    "memorysetup-temp-allocator-size-cloud-worker=32768"
    "memorysetup-temp-allocator-size-gi-baking-worker=262144"
    "memorysetup-temp-allocator-size-gfx=262144"
Refreshing native plugins compatible for Editor in 225.92 ms, found 6 plugins.
Preloading 0 native plugins for Editor in 0.00 ms.
Initialize engine version: 2021.3.6f1 (7da38d85baf6)
[Subsystems] Discovering subsystems at path C:/Program Files/Unity/Hub/Editor/2021.3.6f1/Editor/Data/Resources/UnitySubsystems
[Subsystems] Discovering subsystems at path C:/Github/TEAM_Armigox/ARMigoo/Assets
GfxDevice: creating device client; threaded=0; jobified=0
Direct3D:
    Version:  Direct3D 11.0 [level 11.1]
    Renderer: NVIDIA GeForce MX150 (ID=0x1d10)
    Vendor:   NVIDIA
    VRAM:     1983 MB
    Driver:   24.21.13.9907
Initialize mono
Mono path[0] = 'C:/Program Files/Unity/Hub/Editor/2021.3.6f1/Editor/Data/Managed'
Mono path[1] = 'C:/Program Files/Unity/Hub/Editor/2021.3.6f1/Editor/Data/MonoBleedingEdge/lib/mono/unityjit-win32'
Mono config path = 'C:/Program Files/Unity/Hub/Editor/2021.3.6f1/Editor/Data/MonoBleedingEdge/etc'
Using monoOptions --debugger-agent=transport=dt_socket,embedding=1,server=y,suspend=n,address=127.0.0.1:56400
Begin MonoManager ReloadAssembly
Registering precompiled unity dll's ...
Register platform support module: C:/Program Files/Unity/Hub/Editor/2021.3.6f1/Editor/Data/PlaybackEngines/AndroidPlayer/UnityEditor.Android.Extensions.dll
Register platform support module: C:/Program Files/Unity/Hub/Editor/2021.3.6f1/Editor/Data/PlaybackEngines/iOSSupport/UnityEditor.iOS.Extensions.dll
Register platform support module: C:/Program Files/Unity/Hub/Editor/2021.3.6f1/Editor/Data/PlaybackEngines/WindowsStandaloneSupport/UnityEditor.WindowsStandalone.Extensions.dll
Registered in 0.035242 seconds.
Native extension for WindowsStandalone target not found
[usbmuxd] Start listen thread
[usbmuxd] Listen thread started
Native extension for iOS target not found
Native extension for Android target not found
Refreshing native plugins compatible for Editor in 182.96 ms, found 6 plugins.
Preloading 0 native plugins for Editor in 0.00 ms.
Mono: successfully reloaded assembly
- Completed reload, in  1.300 seconds
Domain Reload Profiling:
	ReloadAssembly (1301ms)
		BeginReloadAssembly (175ms)
			ExecutionOrderSort (0ms)
			DisableScriptedObjects (0ms)
			BackupInstance (0ms)
			ReleaseScriptingObjects (0ms)
			CreateAndSetChildDomain (1ms)
		EndReloadAssembly (891ms)
			LoadAssemblies (168ms)
			RebuildTransferFunctionScriptingTraits (0ms)
			SetupTypeCache (170ms)
			ReleaseScriptCaches (0ms)
			RebuildScriptCaches (49ms)
			SetupLoadedEditorAssemblies (571ms)
				LogAssemblyErrors (0ms)
				InitializePlatformSupportModulesInManaged (122ms)
				SetLoadedEditorAssemblies (0ms)
				RefreshPlugins (183ms)
				BeforeProcessingInitializeOnLoad (2ms)
				ProcessInitializeOnLoadAttributes (168ms)
				ProcessInitializeOnLoadMethodAttributes (95ms)
				AfterProcessingInitializeOnLoad (0ms)
				EditorAssembliesLoaded (0ms)
			ExecutionOrderSort2 (0ms)
			AwakeInstancesAfterBackupRestoration (0ms)
Platform modules already initialized, skipping
Registering precompiled user dll's ...
Registered in 0.084916 seconds.
Begin MonoManager ReloadAssembly
Symbol file LoadedFromMemory doesn't match image C:\Github\TEAM_Armigox\ARMigoo\Library\PackageCache\com.unity.visualscripting@1.7.8\Editor\VisualScripting.Core\Dependencies\DotNetZip\Unity.VisualScripting.IonicZip.dll
Symbol file data-00000247B6FF8D40 doesn't match image C:\Github\TEAM_Armigox\ARMigoo\Assets\Firebase\Editor\Firebase.Editor.dll
Symbol file LoadedFromMemory is not a mono symbol file
Symbol file LoadedFromMemory doesn't match image C:\Github\TEAM_Armigox\ARMigoo\Library\PackageCache\com.unity.visualscripting@1.7.8\Editor\VisualScripting.Core\Dependencies\YamlDotNet\Unity.VisualScripting.YamlDotNet.dll
Symbol file C:\Github\TEAM_Armigox\ARMigoo\Assets\Firebase\Plugins\Firebase.App.pdb doesn't match image C:\Github\TEAM_Armigox\ARMigoo\Assets\Firebase\Plugins\Firebase.App.dll
Could not resolve field token 0x04000001, due to: Could not load type of field 'AuthManager:auth' (1) due to: Could not load file or assembly 'Firebase.Auth, Version=0.0.0.0, Culture=neutral, PublicKeyToken=null' or one of its dependencies. assembly:C:\Github\TEAM_Armigox\ARMigoo\Library\ScriptAssemblies\Assembly-CSharp.dll type:AuthManager member:(null)
Could not resolve field token 0x04000005, due to: Could not load type of field 'AuthManager:auth' (1) due to: Could not load file or assembly 'Firebase.Auth, Version=0.0.0.0, Culture=neutral, PublicKeyToken=null' or one of its dependencies. assembly:C:\Github\TEAM_Armigox\ARMigoo\Library\ScriptAssemblies\Assembly-CSharp.dll type:AuthManager member:(null)
Could not resolve field token 0x04000009, due to: Could not load type of field 'AuthManager:auth' (1) due to: Could not load file or assembly 'Firebase.Auth, Version=0.0.0.0, Culture=neutral, PublicKeyToken=null' or one of its dependencies. assembly:C:\Github\TEAM_Armigox\ARMigoo\Library\ScriptAssemblies\Assembly-CSharp.dll type:AuthManager member:(null)
Could not resolve field token 0x04000034, due to: Could not load type of field 'GameOverScript:auth' (1) due to: Could not load file or assembly 'Firebase.Auth, Version=0.0.0.0, Culture=neutral, PublicKeyToken=null' or one of its dependencies. assembly:C:\Github\TEAM_Armigox\ARMigoo\Library\ScriptAssemblies\Assembly-CSharp.dll type:GameOverScript member:(null)
Could not resolve field token 0x04000038, due to: Could not load type of field 'GameOverScript:auth' (1) due to: Could not load file or assembly 'Firebase.Auth, Version=0.0.0.0, Culture=neutral, PublicKeyToken=null' or one of its dependencies. assembly:C:\Github\TEAM_Armigox\ARMigoo\Library\ScriptAssemblies\Assembly-CSharp.dll type:GameOverScript member:(null)
Native extension for WindowsStandalone target not found
Native extension for iOS target not found
Native extension for Android target not found
Refreshing native plugins compatible for Editor in 187.92 ms, found 6 plugins.
Preloading 0 native plugins for Editor in 0.00 ms.
Package Manager log level set to [2]
Mono: successfully reloaded assembly
- Completed reload, in  8.519 seconds
Domain Reload Profiling:
	ReloadAssembly (8521ms)
		BeginReloadAssembly (359ms)
			ExecutionOrderSort (0ms)
			DisableScriptedObjects (14ms)
			BackupInstance (0ms)
			ReleaseScriptingObjects (0ms)
			CreateAndSetChildDomain (150ms)
		EndReloadAssembly (7901ms)
			LoadAssemblies (5387ms)
			RebuildTransferFunctionScriptingTraits (0ms)
			SetupTypeCache (568ms)
			ReleaseScriptCaches (2ms)
			RebuildScriptCaches (227ms)
			SetupLoadedEditorAssemblies (1569ms)
				LogAssemblyErrors (0ms)
				InitializePlatformSupportModulesInManaged (67ms)
				SetLoadedEditorAssemblies (0ms)
				RefreshPlugins (188ms)
				BeforeProcessingInitializeOnLoad (261ms)
				ProcessInitializeOnLoadAttributes (880ms)
				ProcessInitializeOnLoadMethodAttributes (110ms)
				AfterProcessingInitializeOnLoad (60ms)
				EditorAssembliesLoaded (1ms)
			ExecutionOrderSort2 (0ms)
			AwakeInstancesAfterBackupRestoration (39ms)
Platform modules already initialized, skipping
========================================================================
Worker process is ready to serve import requests
Launched and connected shader compiler UnityShaderCompiler.exe after 0.14 seconds
Refreshing native plugins compatible for Editor in 2.97 ms, found 6 plugins.
Preloading 0 native plugins for Editor in 0.00 ms.
Unloading 4916 Unused Serialized files (Serialized files now loaded: 0)
Unloading 157 unused Assets / (58.9 KB). Loaded Objects now: 5281.
Memory consumption went from 180.6 MB to 180.6 MB.
Total: 5.996900 ms (FindLiveObjects: 0.496500 ms CreateObjectMapping: 0.450900 ms MarkObjects: 4.836900 ms  DeleteObjects: 0.210800 ms)

AssetImportParameters requested are different than current active one (requested -> active):
  custom:video-decoder-ogg-theora: a1e56fd34408186e4bbccfd4996cb3dc -> 
  custom:container-muxer-webm: aa71ff27fc2769a1b78a27578f13a17b -> 
  custom:container-demuxer-webm: 4f35f7cbe854078d1ac9338744f61a02 -> 
  custom:video-encoder-webm-vp8: eb34c28f22e8b96e1ab97ce403110664 -> 
  custom:video-codec-MediaFoundation-h265: 746d11721c4dcdbdad8f713fa42b33f4 -> 
  custom:audio-encoder-webm-vorbis: bf7c407c2cedff20999df2af8eb42d56 -> 
  custom:framework-win-MediaFoundation: 216162199b28c13a410421893ffa2e32 -> 
  custom:container-demuxer-ogg: 62fdf1f143b41e24485cea50d1cbac27 -> 
  custom:video-decoder-webm-vp8: 9c59270c3fd7afecdb556c50c9e8de78 -> 
  custom:audio-decoder-ogg-vorbis: bf7c407c2cedff20999df2af8eb42d56 -> 
========================================================================
Received Import Request.
  Time since last request: 88862.767361 seconds.
  path: Assets/Editor Default Resources
  artifactKey: Guid(a39de21b8c1f88e408273f42f31ba332) Importer(815301076,1909f56bfc062723c751e8b465ee728b)
Start importing Assets/Editor Default Resources using Guid(a39de21b8c1f88e408273f42f31ba332) Importer(815301076,1909f56bfc062723c751e8b465ee728b)  -> (artifact id: '097288dc970fb46530ecd5adb4f86577') in 0.019364 seconds 
========================================================================
Received Import Request.
  Time since last request: 0.000058 seconds.
  path: Assets/Photon
  artifactKey: Guid(98951132346795f438babe7a3183da43) Importer(815301076,1909f56bfc062723c751e8b465ee728b)
Start importing Assets/Photon using Guid(98951132346795f438babe7a3183da43) Importer(815301076,1909f56bfc062723c751e8b465ee728b)  -> (artifact id: 'df9b6b4c61759d2bb6bfd1d8cb1daa9e') in 0.012246 seconds 
========================================================================
Received Import Request.
  Time since last request: 0.000031 seconds.
  path: Assets/Firebase
  artifactKey: Guid(e210d3e484a7dd5418be4eaa7eca91e7) Importer(815301076,1909f56bfc062723c751e8b465ee728b)
Start importing Assets/Firebase using Guid(e210d3e484a7dd5418be4eaa7eca91e7) Importer(815301076,1909f56bfc062723c751e8b465ee728b)  -> (artifact id: 'ffb13c840a051744ffe47f8fcc3f4bbf') in 0.012278 seconds 
========================================================================
Received Import Request.
  Time since last request: 0.000036 seconds.
  path: Assets/Firebase/Editor/Firebase.Editor.dll
  artifactKey: Guid(9f2edbf81053418f879076c05f816dc2) Importer(815301076,1909f56bfc062723c751e8b465ee728b)
Start importing Assets/Firebase/Editor/Firebase.Editor.dll using Guid(9f2edbf81053418f879076c05f816dc2) Importer(815301076,1909f56bfc062723c751e8b465ee728b)  -> (artifact id: '77c110e9c0b5977f2b53dec2e0bc22bf') in 0.105138 seconds 
========================================================================
Received Import Request.
  Time since last request: 0.000051 seconds.
  path: Assets/Plugins
  artifactKey: Guid(457669bdbfc4cbe4ba33980bed04b249) Importer(815301076,1909f56bfc062723c751e8b465ee728b)
Start importing Assets/Plugins using Guid(457669bdbfc4cbe4ba33980bed04b249) Importer(815301076,1909f56bfc062723c751e8b465ee728b)  -> (artifact id: '8c762f9bd100f5cc6e6cd45529aff1fc') in 0.011270 seconds 
========================================================================
Received Import Request.
  Time since last request: 0.000054 seconds.
  path: Assets/Plugins/Android/FirebaseApp.androidlib/res/values
  artifactKey: Guid(028fc972ae80dd94496910f3ef87c715) Importer(815301076,1909f56bfc062723c751e8b465ee728b)
Start importing Assets/Plugins/Android/FirebaseApp.androidlib/res/values using Guid(028fc972ae80dd94496910f3ef87c715) Importer(815301076,1909f56bfc062723c751e8b465ee728b)  -> (artifact id: '3b3b1a42653d832d3352f1899a674107') in 0.014943 seconds 
========================================================================
Received Import Request.
  Time since last request: 0.000032 seconds.
  path: Assets/ExternalDependencyManager
  artifactKey: Guid(a753d6ea223415e4998a456f73b918b3) Importer(815301076,1909f56bfc062723c751e8b465ee728b)
Start importing Assets/ExternalDependencyManager using Guid(a753d6ea223415e4998a456f73b918b3) Importer(815301076,1909f56bfc062723c751e8b465ee728b)  -> (artifact id: '915477cef8fcbc2fd880323afd9165c3') in 0.014564 seconds 
========================================================================
Received Import Request.
  Time since last request: 0.000029 seconds.
  path: Assets/Parse
  artifactKey: Guid(77d40ab4b43ccf4488825cb748d1c279) Importer(815301076,1909f56bfc062723c751e8b465ee728b)
Start importing Assets/Parse using Guid(77d40ab4b43ccf4488825cb748d1c279) Importer(815301076,1909f56bfc062723c751e8b465ee728b)  -> (artifact id: '4a05aad4b18b9f9fd7efc00493393308') in 0.016275 seconds 
========================================================================
Received Import Request.
  Time since last request: 0.571895 seconds.
  path: Assets/Parse/Plugins
  artifactKey: Guid(555487768e62b2a4d98f0f381deda6c2) Importer(815301076,1909f56bfc062723c751e8b465ee728b)
Start importing Assets/Parse/Plugins using Guid(555487768e62b2a4d98f0f381deda6c2) Importer(815301076,1909f56bfc062723c751e8b465ee728b)  -> (artifact id: 'bde91e2261823f46b5e0017786d3315f') in 0.007416 seconds 
========================================================================
Received Import Request.
  Time since last request: 1.448011 seconds.
  path: Assets/Parse/Plugins/dotNet45
  artifactKey: Guid(0de9fec3ddc0af14d85853d8710dd1c4) Importer(815301076,1909f56bfc062723c751e8b465ee728b)
Start importing Assets/Parse/Plugins/dotNet45 using Guid(0de9fec3ddc0af14d85853d8710dd1c4) Importer(815301076,1909f56bfc062723c751e8b465ee728b)  -> (artifact id: 'b43ec891b104a540a9b7625e3db9339e') in 0.007728 seconds 
